<?xml version="1.0" encoding="UTF-8"?>
<!-- Generated by org.testng.reporters.JUnitReportReporter -->
<testsuite skipped="0" hostname="LT085767" name="Basic.MavenGit" tests="1" failures="0" timestamp="17 Mar 2019 08:55:49 GMT" time="12.064" errors="0">
  <testcase name="launchchrome" time="12.064" classname="Basic.MavenGit"/>
</testsuite> <!-- Basic.MavenGit -->
